Started GET "/" for ::1 at 2022-12-24 11:54:36 +0800
  
ActiveRecord::NoDatabaseError (We could not find your database: blog_snkrs_development. Which can be found in the database configuration file located at config/database.yml.

To resolve this issue:

- Did you create the database for this app, or delete it? You may need to create your database.
- Has the database name changed? Check your database.yml config has the correct database name.

To create your database, run:

        bin/rails db:create
):
  
activerecord (7.0.4) lib/active_record/connection_adapters/postgresql_adapter.rb:81:in `rescue in new_client'
activerecord (7.0.4) lib/active_record/connection_adapters/postgresql_adapter.rb:77:in `new_client'
activerecord (7.0.4) lib/active_record/connection_adapters/postgresql_adapter.rb:37:in `postgresql_connection'
activerecord (7.0.4) lib/active_record/connection_adapters/abstract/connection_pool.rb:656:in `public_send'
activerecord (7.0.4) lib/active_record/connection_adapters/abstract/connection_pool.rb:656:in `new_connection'
activerecord (7.0.4) lib/active_record/connection_adapters/abstract/connection_pool.rb:700:in `checkout_new_connection'
activerecord (7.0.4) lib/active_record/connection_adapters/abstract/connection_pool.rb:679:in `try_to_checkout_new_connection'
activerecord (7.0.4) lib/active_record/connection_adapters/abstract/connection_pool.rb:640:in `acquire_connection'
activerecord (7.0.4) lib/active_record/connection_adapters/abstract/connection_pool.rb:341:in `checkout'
activerecord (7.0.4) lib/active_record/connection_adapters/abstract/connection_pool.rb:181:in `connection'
activerecord (7.0.4) lib/active_record/connection_adapters/abstract/connection_handler.rb:211:in `retrieve_connection'
activerecord (7.0.4) lib/active_record/connection_handling.rb:313:in `retrieve_connection'
activerecord (7.0.4) lib/active_record/connection_handling.rb:280:in `connection'
activerecord (7.0.4) lib/active_record/migration.rb:613:in `connection'
activerecord (7.0.4) lib/active_record/migration.rb:608:in `build_watcher'
activerecord (7.0.4) lib/active_record/migration.rb:590:in `block in call'
activerecord (7.0.4) lib/active_record/migration.rb:589:in `synchronize'
activerecord (7.0.4) lib/active_record/migration.rb:589:in `call'
actionpack (7.0.4) lib/action_dispatch/middleware/callbacks.rb:27:in `block in call'
activesupport (7.0.4) lib/active_support/callbacks.rb:99:in `run_callbacks'
actionpack (7.0.4) lib/action_dispatch/middleware/callbacks.rb:26:in `call'
actionpack (7.0.4) lib/action_dispatch/middleware/executor.rb:14:in `call'
actionpack (7.0.4) lib/action_dispatch/middleware/actionable_exceptions.rb:17:in `call'
actionpack (7.0.4) lib/action_dispatch/middleware/debug_exceptions.rb:28:in `call'
web-console (4.2.0) lib/web_console/middleware.rb:132:in `call_app'
web-console (4.2.0) lib/web_console/middleware.rb:28:in `block in call'
web-console (4.2.0) lib/web_console/middleware.rb:17:in `catch'
web-console (4.2.0) lib/web_console/middleware.rb:17:in `call'
actionpack (7.0.4) lib/action_dispatch/middleware/show_exceptions.rb:26:in `call'
railties (7.0.4) lib/rails/rack/logger.rb:40:in `call_app'
railties (7.0.4) lib/rails/rack/logger.rb:25:in `block in call'
activesupport (7.0.4) lib/active_support/tagged_logging.rb:99:in `block in tagged'
activesupport (7.0.4) lib/active_support/tagged_logging.rb:37:in `tagged'
activesupport (7.0.4) lib/active_support/tagged_logging.rb:99:in `tagged'
railties (7.0.4) lib/rails/rack/logger.rb:25:in `call'
sprockets-rails (3.4.2) lib/sprockets/rails/quiet_assets.rb:13:in `call'
actionpack (7.0.4) lib/action_dispatch/middleware/remote_ip.rb:93:in `call'
actionpack (7.0.4) lib/action_dispatch/middleware/request_id.rb:26:in `call'
rack (2.2.4) lib/rack/method_override.rb:24:in `call'
rack (2.2.4) lib/rack/runtime.rb:22:in `call'
activesupport (7.0.4) lib/active_support/cache/strategy/local_cache_middleware.rb:29:in `call'
actionpack (7.0.4) lib/action_dispatch/middleware/server_timing.rb:61:in `block in call'
actionpack (7.0.4) lib/action_dispatch/middleware/server_timing.rb:26:in `collect_events'
actionpack (7.0.4) lib/action_dispatch/middleware/server_timing.rb:60:in `call'
actionpack (7.0.4) lib/action_dispatch/middleware/executor.rb:14:in `call'
actionpack (7.0.4) lib/action_dispatch/middleware/static.rb:23:in `call'
rack (2.2.4) lib/rack/sendfile.rb:110:in `call'
actionpack (7.0.4) lib/action_dispatch/middleware/host_authorization.rb:137:in `call'
railties (7.0.4) lib/rails/engine.rb:530:in `call'
puma (5.6.5) lib/puma/configuration.rb:252:in `call'
puma (5.6.5) lib/puma/request.rb:77:in `block in handle_request'
puma (5.6.5) lib/puma/thread_pool.rb:340:in `with_force_shutdown'
puma (5.6.5) lib/puma/request.rb:76:in `handle_request'
puma (5.6.5) lib/puma/server.rb:443:in `process_client'
puma (5.6.5) lib/puma/thread_pool.rb:147:in `block in spawn_thread'
Started POST "/rails/actions" for ::1 at 2022-12-24 11:54:39 +0800
  [1m[35m (297.3ms)[0m  [1m[35mCREATE DATABASE "blog_snkrs_development" ENCODING = 'unicode'[0m
  [1m[35m (169.5ms)[0m  [1m[35mCREATE DATABASE "blog_snkrs_test" ENCODING = 'unicode'[0m
Started GET "/" for ::1 at 2022-12-24 11:54:39 +0800
Processing by Rails::WelcomeController#index as HTML
  Rendering /Users/test/.rbenv/versions/3.1.2/lib/ruby/gems/3.1.0/gems/railties-7.0.4/lib/rails/templates/rails/welcome/index.html.erb
  Rendered /Users/test/.rbenv/versions/3.1.2/lib/ruby/gems/3.1.0/gems/railties-7.0.4/lib/rails/templates/rails/welcome/index.html.erb (Duration: 1.0ms | Allocations: 293)
Completed 200 OK in 10ms (Views: 2.1ms | ActiveRecord: 0.0ms | Allocations: 2506)


Started GET "/" for ::1 at 2022-12-24 12:05:36 +0800
Processing by PagesController#index as HTML
  Rendering layout layouts/application.html.erb
  Rendering pages/index.html.erb within layouts/application
  Rendered pages/index.html.erb within layouts/application (Duration: 1.0ms | Allocations: 107)
  Rendered layout layouts/application.html.erb (Duration: 354.7ms | Allocations: 67148)
Completed 200 OK in 363ms (Views: 358.1ms | Allocations: 68110)


Started GET "/" for ::1 at 2022-12-24 12:13:06 +0800
Processing by PagesController#index as HTML
  Rendering layout layouts/application.html.erb
  Rendering pages/index.html.erb within layouts/application
  Rendered pages/index.html.erb within layouts/application (Duration: 2.3ms | Allocations: 111)
  Rendered layout layouts/application.html.erb (Duration: 21.3ms | Allocations: 2667)
Completed 200 OK in 32ms (Views: 28.3ms | Allocations: 3449)


Started GET "/" for ::1 at 2022-12-24 12:16:20 +0800
Processing by PagesController#index as HTML
  Rendering layout layouts/application.html.erb
  Rendering pages/index.html.erb within layouts/application
  Rendered pages/index.html.erb within layouts/application (Duration: 0.9ms | Allocations: 106)
  Rendered shared/_navbar.html.erb (Duration: 0.3ms | Allocations: 93)
  Rendered layout layouts/application.html.erb (Duration: 9.8ms | Allocations: 2880)
Completed 200 OK in 13ms (Views: 12.4ms | Allocations: 3668)


Started GET "/" for ::1 at 2022-12-24 12:17:08 +0800
Processing by PagesController#index as HTML
  Rendering layout layouts/application.html.erb
  Rendering pages/index.html.erb within layouts/application
  Rendered pages/index.html.erb within layouts/application (Duration: 0.9ms | Allocations: 106)
  Rendered layout layouts/application.html.erb (Duration: 18.1ms | Allocations: 4440)
Completed 500 Internal Server Error in 25ms (Allocations: 5210)


  
ActionView::Template::Error (Missing partial pages/_shared#navbar, application/_shared#navbar with {:locale=>[:en], :formats=>[:html], :variants=>[], :handlers=>[:raw, :erb, :html, :builder, :ruby, :jbuilder]}.

Searched in:
  * "/Users/test/Desktop/Dev/blog-snkrs/app/views"
  * "/Users/test/.rbenv/versions/3.1.2/lib/ruby/gems/3.1.0/gems/actiontext-7.0.4/app/views"
  * "/Users/test/.rbenv/versions/3.1.2/lib/ruby/gems/3.1.0/gems/actionmailbox-7.0.4/app/views"

Did you mean?  shared/navbar
               action_text/attachment_galleries/attachment_gallery
               action_text/attachables/remote_image
               action_text/attachables/missing_attachable
               active_storage/blobs/blob
               action_text/contents/content):
    10:     <%= stylesheet_link_tag "application", "data-turbo-track": "reload" %>
    11:     <%= javascript_include_tag "application", "data-turbo-track": "reload", defer: true %>
    12:   </head>
    13:   <%= render 'shared#navbar'%>
    14:   <body>
    15:     <%= yield %>
    16:   </body>
  
app/views/layouts/application.html.erb:13
Started GET "/" for ::1 at 2022-12-24 12:17:13 +0800
Processing by PagesController#index as HTML
  Rendering layout layouts/application.html.erb
  Rendering pages/index.html.erb within layouts/application
  Rendered pages/index.html.erb within layouts/application (Duration: 0.3ms | Allocations: 106)
  Rendered shared/_navbar.html.erb (Duration: 0.8ms | Allocations: 92)
  Rendered layout layouts/application.html.erb (Duration: 7.5ms | Allocations: 2881)
Completed 200 OK in 11ms (Views: 9.1ms | Allocations: 3656)


Started GET "/" for ::1 at 2022-12-24 12:18:01 +0800
Processing by PagesController#index as HTML
  Rendering layout layouts/application.html.erb
  Rendering pages/index.html.erb within layouts/application
  Rendered pages/index.html.erb within layouts/application (Duration: 0.3ms | Allocations: 106)
  Rendered shared/_navbar.html.erb (Duration: 0.3ms | Allocations: 95)
  Rendered layout layouts/application.html.erb (Duration: 6.3ms | Allocations: 2875)
Completed 200 OK in 9ms (Views: 8.1ms | Allocations: 3663)


Started GET "/" for ::1 at 2022-12-24 12:18:21 +0800
Processing by PagesController#index as HTML
  Rendering layout layouts/application.html.erb
  Rendering pages/index.html.erb within layouts/application
  Rendered pages/index.html.erb within layouts/application (Duration: 0.9ms | Allocations: 106)
  Rendered shared/_navbar.html.erb (Duration: 0.3ms | Allocations: 95)
  Rendered layout layouts/application.html.erb (Duration: 7.7ms | Allocations: 2877)
Completed 200 OK in 10ms (Views: 9.4ms | Allocations: 3658)


Started GET "/" for ::1 at 2022-12-24 12:18:39 +0800
Processing by PagesController#index as HTML
  Rendering layout layouts/application.html.erb
  Rendering pages/index.html.erb within layouts/application
  Rendered pages/index.html.erb within layouts/application (Duration: 1.7ms | Allocations: 106)
  Rendered shared/_navbar.html.erb (Duration: 0.3ms | Allocations: 95)
  Rendered layout layouts/application.html.erb (Duration: 10.7ms | Allocations: 2865)
Completed 200 OK in 14ms (Views: 12.8ms | Allocations: 3646)


Started GET "/" for ::1 at 2022-12-24 12:18:45 +0800
Processing by PagesController#index as HTML
  Rendering layout layouts/application.html.erb
  Rendering pages/index.html.erb within layouts/application
  Rendered pages/index.html.erb within layouts/application (Duration: 0.5ms | Allocations: 106)
  Rendered shared/_navbar.html.erb (Duration: 0.4ms | Allocations: 95)
  Rendered layout layouts/application.html.erb (Duration: 7.0ms | Allocations: 2871)
Completed 200 OK in 10ms (Views: 8.9ms | Allocations: 3652)


Started GET "/" for ::1 at 2022-12-24 12:18:53 +0800
Processing by PagesController#index as HTML
  Rendering layout layouts/application.html.erb
  Rendering pages/index.html.erb within layouts/application
  Rendered pages/index.html.erb within layouts/application (Duration: 0.3ms | Allocations: 106)
  Rendered shared/_navbar.html.erb (Duration: 0.4ms | Allocations: 95)
  Rendered layout layouts/application.html.erb (Duration: 7.8ms | Allocations: 2868)
Completed 200 OK in 11ms (Views: 10.2ms | Allocations: 3649)


Started GET "/" for ::1 at 2022-12-24 12:19:02 +0800
Processing by PagesController#index as HTML
  Rendering layout layouts/application.html.erb
  Rendering pages/index.html.erb within layouts/application
  Rendered pages/index.html.erb within layouts/application (Duration: 0.3ms | Allocations: 106)
  Rendered shared/_navbar.html.erb (Duration: 0.5ms | Allocations: 98)
  Rendered layout layouts/application.html.erb (Duration: 10.3ms | Allocations: 2885)
Completed 200 OK in 13ms (Views: 11.9ms | Allocations: 3667)


Started GET "/" for ::1 at 2022-12-24 12:19:17 +0800
Processing by PagesController#index as HTML
  Rendering layout layouts/application.html.erb
  Rendering pages/index.html.erb within layouts/application
  Rendered pages/index.html.erb within layouts/application (Duration: 1.5ms | Allocations: 106)
  Rendered shared/_navbar.html.erb (Duration: 0.5ms | Allocations: 95)
  Rendered layout layouts/application.html.erb (Duration: 14.3ms | Allocations: 2871)
Completed 200 OK in 20ms (Views: 18.7ms | Allocations: 3652)


Started GET "/" for ::1 at 2022-12-24 12:19:25 +0800
Processing by PagesController#index as HTML
  Rendering layout layouts/application.html.erb
  Rendering pages/index.html.erb within layouts/application
  Rendered pages/index.html.erb within layouts/application (Duration: 0.3ms | Allocations: 106)
  Rendered shared/_navbar.html.erb (Duration: 0.5ms | Allocations: 95)
  Rendered layout layouts/application.html.erb (Duration: 6.3ms | Allocations: 2889)
Completed 200 OK in 8ms (Views: 7.7ms | Allocations: 3670)


Started GET "/" for ::1 at 2022-12-24 12:19:34 +0800
Processing by PagesController#index as HTML
  Rendering layout layouts/application.html.erb
  Rendering pages/index.html.erb within layouts/application
  Rendered pages/index.html.erb within layouts/application (Duration: 0.3ms | Allocations: 106)
  Rendered shared/_navbar.html.erb (Duration: 0.5ms | Allocations: 95)
  Rendered layout layouts/application.html.erb (Duration: 5.9ms | Allocations: 2871)
Completed 200 OK in 9ms (Views: 7.5ms | Allocations: 3652)


Started GET "/" for ::1 at 2022-12-24 12:19:45 +0800
Processing by PagesController#index as HTML
  Rendering layout layouts/application.html.erb
  Rendering pages/index.html.erb within layouts/application
  Rendered pages/index.html.erb within layouts/application (Duration: 0.3ms | Allocations: 106)
  Rendered shared/_navbar.html.erb (Duration: 0.3ms | Allocations: 95)
  Rendered layout layouts/application.html.erb (Duration: 5.3ms | Allocations: 2859)
Completed 200 OK in 7ms (Views: 6.8ms | Allocations: 3640)


Started GET "/" for ::1 at 2022-12-24 12:19:53 +0800
Processing by PagesController#index as HTML
  Rendering layout layouts/application.html.erb
  Rendering pages/index.html.erb within layouts/application
  Rendered pages/index.html.erb within layouts/application (Duration: 0.3ms | Allocations: 106)
  Rendered shared/_navbar.html.erb (Duration: 0.2ms | Allocations: 95)
  Rendered layout layouts/application.html.erb (Duration: 4.1ms | Allocations: 2880)
Completed 200 OK in 6ms (Views: 5.5ms | Allocations: 3661)


Started GET "/" for ::1 at 2022-12-24 12:19:59 +0800
Processing by PagesController#index as HTML
  Rendering layout layouts/application.html.erb
  Rendering pages/index.html.erb within layouts/application
  Rendered pages/index.html.erb within layouts/application (Duration: 0.3ms | Allocations: 106)
  Rendered shared/_navbar.html.erb (Duration: 0.4ms | Allocations: 95)
  Rendered layout layouts/application.html.erb (Duration: 5.4ms | Allocations: 2874)
Completed 200 OK in 8ms (Views: 7.1ms | Allocations: 3655)


Started GET "/" for ::1 at 2022-12-24 12:20:44 +0800
Processing by PagesController#index as HTML
  Rendering layout layouts/application.html.erb
  Rendering pages/index.html.erb within layouts/application
  Rendered pages/index.html.erb within layouts/application (Duration: 1.1ms | Allocations: 106)
  Rendered shared/_navbar.html.erb (Duration: 0.5ms | Allocations: 95)
  Rendered layout layouts/application.html.erb (Duration: 7.4ms | Allocations: 2871)
Completed 200 OK in 10ms (Views: 9.5ms | Allocations: 3652)


Started GET "/" for ::1 at 2022-12-24 12:20:51 +0800
Processing by PagesController#index as HTML
  Rendering layout layouts/application.html.erb
  Rendering pages/index.html.erb within layouts/application
  Rendered pages/index.html.erb within layouts/application (Duration: 0.3ms | Allocations: 106)
  Rendered shared/_navbar.html.erb (Duration: 0.3ms | Allocations: 96)
  Rendered layout layouts/application.html.erb (Duration: 4.0ms | Allocations: 2878)
Completed 200 OK in 6ms (Views: 5.5ms | Allocations: 3659)


Started GET "/" for ::1 at 2022-12-24 12:21:28 +0800
Processing by PagesController#index as HTML
  Rendering layout layouts/application.html.erb
  Rendering pages/index.html.erb within layouts/application
  Rendered pages/index.html.erb within layouts/application (Duration: 0.3ms | Allocations: 106)
  Rendered shared/_navbar.html.erb (Duration: 0.4ms | Allocations: 95)
  Rendered layout layouts/application.html.erb (Duration: 5.5ms | Allocations: 2877)
Completed 200 OK in 8ms (Views: 7.1ms | Allocations: 3659)


Started GET "/" for ::1 at 2022-12-24 12:21:34 +0800
Processing by PagesController#index as HTML
  Rendering layout layouts/application.html.erb
  Rendering pages/index.html.erb within layouts/application
  Rendered pages/index.html.erb within layouts/application (Duration: 0.9ms | Allocations: 106)
  Rendered shared/_navbar.html.erb (Duration: 0.4ms | Allocations: 95)
  Rendered layout layouts/application.html.erb (Duration: 8.0ms | Allocations: 2865)
Completed 200 OK in 14ms (Views: 11.3ms | Allocations: 3646)


Started GET "/" for ::1 at 2022-12-24 12:21:43 +0800
Processing by PagesController#index as HTML
  Rendering layout layouts/application.html.erb
  Rendering pages/index.html.erb within layouts/application
  Rendered pages/index.html.erb within layouts/application (Duration: 0.3ms | Allocations: 106)
  Rendered shared/_navbar.html.erb (Duration: 0.3ms | Allocations: 95)
  Rendered layout layouts/application.html.erb (Duration: 4.2ms | Allocations: 2860)
Completed 200 OK in 6ms (Views: 5.6ms | Allocations: 3641)


Started GET "/" for ::1 at 2022-12-24 12:21:48 +0800
Processing by PagesController#index as HTML
  Rendering layout layouts/application.html.erb
  Rendering pages/index.html.erb within layouts/application
  Rendered pages/index.html.erb within layouts/application (Duration: 0.3ms | Allocations: 106)
  Rendered shared/_navbar.html.erb (Duration: 0.3ms | Allocations: 94)
  Rendered layout layouts/application.html.erb (Duration: 4.8ms | Allocations: 2876)
Completed 200 OK in 7ms (Views: 6.2ms | Allocations: 3657)


Started GET "/" for ::1 at 2022-12-24 12:21:52 +0800
Processing by PagesController#index as HTML
  Rendering layout layouts/application.html.erb
  Rendering pages/index.html.erb within layouts/application
  Rendered pages/index.html.erb within layouts/application (Duration: 0.4ms | Allocations: 106)
  Rendered shared/_navbar.html.erb (Duration: 0.3ms | Allocations: 95)
  Rendered layout layouts/application.html.erb (Duration: 5.3ms | Allocations: 2886)
Completed 200 OK in 8ms (Views: 7.0ms | Allocations: 3667)


Started GET "/" for ::1 at 2022-12-24 12:23:42 +0800
Processing by PagesController#index as HTML
  Rendering layout layouts/application.html.erb
  Rendering pages/index.html.erb within layouts/application
  Rendered pages/index.html.erb within layouts/application (Duration: 2.1ms | Allocations: 106)
  Rendered shared/_navbar.html.erb (Duration: 0.8ms | Allocations: 97)
  Rendered shared/_footer.html.erb (Duration: 1.3ms | Allocations: 91)
  Rendered layout layouts/application.html.erb (Duration: 37.7ms | Allocations: 3116)
Completed 200 OK in 53ms (Views: 47.8ms | Allocations: 3897)


Started GET "/" for ::1 at 2022-12-24 12:24:02 +0800
Processing by PagesController#index as HTML
  Rendering layout layouts/application.html.erb
  Rendering pages/index.html.erb within layouts/application
  Rendered pages/index.html.erb within layouts/application (Duration: 0.3ms | Allocations: 106)
  Rendered shared/_navbar.html.erb (Duration: 0.3ms | Allocations: 94)
  Rendered shared/_footer.html.erb (Duration: 0.3ms | Allocations: 93)
  Rendered layout layouts/application.html.erb (Duration: 5.7ms | Allocations: 3099)
Completed 200 OK in 8ms (Views: 7.3ms | Allocations: 3880)


Started GET "/" for ::1 at 2022-12-24 12:24:20 +0800
Processing by PagesController#index as HTML
  Rendering layout layouts/application.html.erb
  Rendering pages/index.html.erb within layouts/application
  Rendered pages/index.html.erb within layouts/application (Duration: 0.6ms | Allocations: 106)
  Rendered shared/_navbar.html.erb (Duration: 0.3ms | Allocations: 94)
  Rendered shared/_footer.html.erb (Duration: 0.3ms | Allocations: 94)
  Rendered layout layouts/application.html.erb (Duration: 7.5ms | Allocations: 3076)
Completed 200 OK in 12ms (Views: 10.9ms | Allocations: 3857)


Started GET "/" for ::1 at 2022-12-24 12:24:59 +0800
Processing by PagesController#index as HTML
  Rendering layout layouts/application.html.erb
  Rendering pages/index.html.erb within layouts/application
  Rendered pages/index.html.erb within layouts/application (Duration: 0.8ms | Allocations: 111)
  Rendered shared/_navbar.html.erb (Duration: 0.4ms | Allocations: 95)
  Rendered shared/_footer.html.erb (Duration: 0.3ms | Allocations: 94)
  Rendered layout layouts/application.html.erb (Duration: 8.7ms | Allocations: 3102)
Completed 200 OK in 12ms (Views: 11.2ms | Allocations: 3884)


Started GET "/" for ::1 at 2022-12-24 12:25:03 +0800
Processing by PagesController#index as HTML
  Rendering layout layouts/application.html.erb
  Rendering pages/index.html.erb within layouts/application
  Rendered pages/index.html.erb within layouts/application (Duration: 0.6ms | Allocations: 106)
  Rendered shared/_navbar.html.erb (Duration: 0.4ms | Allocations: 94)
  Rendered shared/_footer.html.erb (Duration: 0.8ms | Allocations: 94)
  Rendered layout layouts/application.html.erb (Duration: 9.3ms | Allocations: 3091)
Completed 200 OK in 13ms (Views: 11.7ms | Allocations: 3872)


Started GET "/" for ::1 at 2022-12-24 12:25:03 +0800
Processing by PagesController#index as HTML
  Rendering layout layouts/application.html.erb
  Rendering pages/index.html.erb within layouts/application
  Rendered pages/index.html.erb within layouts/application (Duration: 0.0ms | Allocations: 7)
  Rendered shared/_navbar.html.erb (Duration: 0.0ms | Allocations: 9)
  Rendered shared/_footer.html.erb (Duration: 0.0ms | Allocations: 8)
  Rendered layout layouts/application.html.erb (Duration: 3.3ms | Allocations: 2217)
Completed 200 OK in 4ms (Views: 3.6ms | Allocations: 2467)


Started GET "/" for ::1 at 2022-12-24 12:25:09 +0800
Processing by PagesController#index as HTML
  Rendering layout layouts/application.html.erb
  Rendering pages/index.html.erb within layouts/application
  Rendered pages/index.html.erb within layouts/application (Duration: 0.4ms | Allocations: 106)
  Rendered shared/_navbar.html.erb (Duration: 0.4ms | Allocations: 94)
  Rendered shared/_footer.html.erb (Duration: 0.3ms | Allocations: 94)
  Rendered layout layouts/application.html.erb (Duration: 5.6ms | Allocations: 3094)
Completed 200 OK in 8ms (Views: 7.3ms | Allocations: 3858)


Started GET "/" for ::1 at 2022-12-24 12:25:10 +0800
Processing by PagesController#index as HTML
  Rendering layout layouts/application.html.erb
  Rendering pages/index.html.erb within layouts/application
  Rendered pages/index.html.erb within layouts/application (Duration: 0.0ms | Allocations: 7)
  Rendered shared/_navbar.html.erb (Duration: 0.0ms | Allocations: 9)
  Rendered shared/_footer.html.erb (Duration: 0.0ms | Allocations: 8)
  Rendered layout layouts/application.html.erb (Duration: 4.1ms | Allocations: 2235)
Completed 200 OK in 5ms (Views: 4.5ms | Allocations: 2485)


Started GET "/" for ::1 at 2022-12-24 12:25:16 +0800
Processing by PagesController#index as HTML
  Rendering layout layouts/application.html.erb
  Rendering pages/index.html.erb within layouts/application
  Rendered pages/index.html.erb within layouts/application (Duration: 0.3ms | Allocations: 106)
  Rendered shared/_navbar.html.erb (Duration: 0.3ms | Allocations: 94)
  Rendered shared/_footer.html.erb (Duration: 0.3ms | Allocations: 93)
  Rendered layout layouts/application.html.erb (Duration: 6.0ms | Allocations: 3102)
Completed 200 OK in 8ms (Views: 7.5ms | Allocations: 3866)


